<?xml version="1.0" encoding="UTF-8" ?>
<testsuite tests="15" failures="2" name="TestSuite" time="83.225" errors="0" skipped="0">
  <properties>
[...]
</properties>
  <testcase classname="com.crm.qa.testcases.ContactsPageTest" name="verifyContactsLabelTest" time="0.155"/>
  <testcase classname="com.crm.qa.testcases.HomePageTest" name="verifyHomePageTitleTest" time="0.006"/>
  <testcase classname="com.crm.qa.testcases.LoginPageTest" name="loginPageTitleTest" time="0.362"/>
  <testcase classname="com.crm.qa.testcases.ContactsPageTest" name="selectContactsByNameTest" time="15.694">
    <failure message="no such element: Unable to locate element: {&quot;method&quot;:&quot;xpath&quot;,&quot;selector&quot;:&quot;//td[text()=&apos;Tom Holland&apos;]//preceding-sibling::td//input[@name=&apos;id&apos;]&quot;}
  (Session info: chrome=79.0.3945.130)
For documentation on this error, please visit: http://seleniumhq.org/exceptions/no_such_element.html
Build info: version: &apos;3.14.0&apos;, revision: &apos;aacccce0&apos;, time: &apos;2018-08-02T20:19:58.91Z&apos;
System info: host: &apos;AKSHAYKALLURWAR&apos;, ip: &apos;192.168.1.67&apos;, os.name: &apos;Windows 8.1&apos;, os.arch: &apos;amd64&apos;, os.version: &apos;6.3&apos;, java.version: &apos;1.8.0_171&apos;
Driver info: org.openqa.selenium.chrome.ChromeDriver
Capabilities {acceptInsecureCerts: false, browserName: chrome, browserVersion: 79.0.3945.130, chrome: {chromedriverVersion: 79.0.3945.36 (3582db32b3389..., userDataDir: C:\Users\HP\AppData\Local\T...}, goog:chromeOptions: {debuggerAddress: localhost:52332}, javascriptEnabled: true, networkConnectionEnabled: false, pageLoadStrategy: normal, platform: WINDOWS, platformName: WINDOWS, proxy: Proxy(), setWindowRect: true, strictFileInteractability: false, timeouts: {implicit: 0, pageLoad: 300000, script: 30000}, unhandledPromptBehavior: dismiss and notify}
Session ID: e2489160b78ac6a0f63ad610ec1ccdeb
*** Element info: {Using=xpath, value=//td[text()=&apos;Tom Holland&apos;]//preceding-sibling::td//input[@name=&apos;id&apos;]}" type="org.openqa.selenium.NoSuchElementException">org.openqa.selenium.NoSuchElementException: no such element: Unable to locate element: {&quot;method&quot;:&quot;xpath&quot;,&quot;selector&quot;:&quot;//td[text()=&apos;Tom Holland&apos;]//preceding-sibling::td//input[@name=&apos;id&apos;]&quot;}
  (Session info: chrome=79.0.3945.130)
For documentation on this error, please visit: http://seleniumhq.org/exceptions/no_such_element.html
Build info: version: &apos;3.14.0&apos;, revision: &apos;aacccce0&apos;, time: &apos;2018-08-02T20:19:58.91Z&apos;
System info: host: &apos;AKSHAYKALLURWAR&apos;, ip: &apos;192.168.1.67&apos;, os.name: &apos;Windows 8.1&apos;, os.arch: &apos;amd64&apos;, os.version: &apos;6.3&apos;, java.version: &apos;1.8.0_171&apos;
Driver info: org.openqa.selenium.chrome.ChromeDriver
Capabilities {acceptInsecureCerts: false, browserName: chrome, browserVersion: 79.0.3945.130, chrome: {chromedriverVersion: 79.0.3945.36 (3582db32b3389..., userDataDir: C:\Users\HP\AppData\Local\T...}, goog:chromeOptions: {debuggerAddress: localhost:52332}, javascriptEnabled: true, networkConnectionEnabled: false, pageLoadStrategy: normal, platform: WINDOWS, platformName: WINDOWS, proxy: Proxy(), setWindowRect: true, strictFileInteractability: false, timeouts: {implicit: 0, pageLoad: 300000, script: 30000}, unhandledPromptBehavior: dismiss and notify}
Session ID: e2489160b78ac6a0f63ad610ec1ccdeb
*** Element info: {Using=xpath, value=//td[text()=&apos;Tom Holland&apos;]//preceding-sibling::td//input[@name=&apos;id&apos;]}
	at sun.reflect.NativeConstructorAccessorImpl.newInstance0(Native Method)
	at sun.reflect.NativeConstructorAccessorImpl.newInstance(NativeConstructorAccessorImpl.java:62)
	at sun.reflect.DelegatingConstructorAccessorImpl.newInstance(DelegatingConstructorAccessorImpl.java:45)
	at java.lang.reflect.Constructor.newInstance(Constructor.java:423)
	at org.openqa.selenium.remote.http.W3CHttpResponseCodec.createException(W3CHttpResponseCodec.java:187)
	at org.openqa.selenium.remote.http.W3CHttpResponseCodec.decode(W3CHttpResponseCodec.java:122)
	at org.openqa.selenium.remote.http.W3CHttpResponseCodec.decode(W3CHttpResponseCodec.java:49)
	at org.openqa.selenium.remote.HttpCommandExecutor.execute(HttpCommandExecutor.java:158)
	at org.openqa.selenium.remote.service.DriverCommandExecutor.execute(DriverCommandExecutor.java:83)
	at org.openqa.selenium.remote.RemoteWebDriver.execute(RemoteWebDriver.java:548)
	at org.openqa.selenium.remote.RemoteWebDriver.findElement(RemoteWebDriver.java:322)
	at org.openqa.selenium.remote.RemoteWebDriver.findElementByXPath(RemoteWebDriver.java:424)
	at org.openqa.selenium.By$ByXPath.findElement(By.java:353)
	at org.openqa.selenium.remote.RemoteWebDriver.findElement(RemoteWebDriver.java:314)
	at sun.reflect.NativeMethodAccessorImpl.invoke0(Native Method)
	at sun.reflect.NativeMethodAccessorImpl.invoke(NativeMethodAccessorImpl.java:62)
	at sun.reflect.DelegatingMethodAccessorImpl.invoke(DelegatingMethodAccessorImpl.java:43)
	at java.lang.reflect.Method.invoke(Method.java:498)
	at org.openqa.selenium.support.events.EventFiringWebDriver.lambda$new$1(EventFiringWebDriver.java:105)
	at com.sun.proxy.$Proxy6.findElement(Unknown Source)
	at org.openqa.selenium.support.events.EventFiringWebDriver.findElement(EventFiringWebDriver.java:194)
	at com.crm.qa.pages.ContactsPage.selectContactsByName(ContactsPage.java:67)
	at com.crm.qa.testcases.ContactsPageTest.selectContactsByNameTest(ContactsPageTest.java:55)
</failure>
    <system-out>Before navigating to: &apos;https://freecrm.co.in&apos;
Navigated to:&apos;https://freecrm.co.in&apos;
Trying to find Element By : By.xpath: //span[contains(text(),&apos;Log In&apos;)]
Found Element By : By.xpath: //span[contains(text(),&apos;Log In&apos;)]
Trying to click on: [[ChromeDriver: chrome on WINDOWS (e2489160b78ac6a0f63ad610ec1ccdeb)] -&gt; xpath: //span[contains(text(),&apos;Log In&apos;)]]
Clicked on: [[ChromeDriver: chrome on WINDOWS (e2489160b78ac6a0f63ad610ec1ccdeb)] -&gt; xpath: //span[contains(text(),&apos;Log In&apos;)]]
Trying to find Element By : By.name: email
Found Element By : By.name: email
Trying to find Element By : By.name: password
Found Element By : By.name: password
Trying to find Element By : By.xpath: //div[contains(text(),&apos;Login&apos;)]
Found Element By : By.xpath: //div[contains(text(),&apos;Login&apos;)]
Trying to click on: [[ChromeDriver: chrome on WINDOWS (e2489160b78ac6a0f63ad610ec1ccdeb)] -&gt; xpath: //div[contains(text(),&apos;Login&apos;)]]
Clicked on: [[ChromeDriver: chrome on WINDOWS (e2489160b78ac6a0f63ad610ec1ccdeb)] -&gt; xpath: //div[contains(text(),&apos;Login&apos;)]]
Trying to find Element By : By.xpath: //span[contains(text(),&apos;Contacts&apos;)]
Found Element By : By.xpath: //span[contains(text(),&apos;Contacts&apos;)]
Trying to click on: [[ChromeDriver: chrome on WINDOWS (e2489160b78ac6a0f63ad610ec1ccdeb)] -&gt; xpath: //span[contains(text(),&apos;Contacts&apos;)]]
Clicked on: [[ChromeDriver: chrome on WINDOWS (e2489160b78ac6a0f63ad610ec1ccdeb)] -&gt; xpath: //span[contains(text(),&apos;Contacts&apos;)]]
Trying to find Element By : By.xpath: //td[text()=&apos;Tom Holland&apos;]//preceding-sibling::td//input[@name=&apos;id&apos;]
Exception occured: org.openqa.selenium.NoSuchElementException: no such element: Unable to locate element: {&quot;method&quot;:&quot;xpath&quot;,&quot;selector&quot;:&quot;//td[text()=&apos;Tom Holland&apos;]//preceding-sibling::td//input[@name=&apos;id&apos;]&quot;}
  (Session info: chrome=79.0.3945.130)
For documentation on this error, please visit: http://seleniumhq.org/exceptions/no_such_element.html
Build info: version: &apos;3.14.0&apos;, revision: &apos;aacccce0&apos;, time: &apos;2018-08-02T20:19:58.91Z&apos;
System info: host: &apos;AKSHAYKALLURWAR&apos;, ip: &apos;192.168.1.67&apos;, os.name: &apos;Windows 8.1&apos;, os.arch: &apos;amd64&apos;, os.version: &apos;6.3&apos;, java.version: &apos;1.8.0_171&apos;
Driver info: org.openqa.selenium.chrome.ChromeDriver
Capabilities {acceptInsecureCerts: false, browserName: chrome, browserVersion: 79.0.3945.130, chrome: {chromedriverVersion: 79.0.3945.36 (3582db32b3389..., userDataDir: C:\Users\HP\AppData\Local\T...}, goog:chromeOptions: {debuggerAddress: localhost:52332}, javascriptEnabled: true, networkConnectionEnabled: false, pageLoadStrategy: normal, platform: WINDOWS, platformName: WINDOWS, proxy: Proxy(), setWindowRect: true, strictFileInteractability: false, timeouts: {implicit: 0, pageLoad: 300000, script: 30000}, unhandledPromptBehavior: dismiss and notify}
Session ID: e2489160b78ac6a0f63ad610ec1ccdeb
*** Element info: {Using=xpath, value=//td[text()=&apos;Tom Holland&apos;]//preceding-sibling::td//input[@name=&apos;id&apos;]}
</system-out>
    <system-err>Starting ChromeDriver 79.0.3945.36 (3582db32b33893869b8c1339e8f4d9ed1816f143-refs/branch-heads/3945@{#614}) on port 45013
Only local connections are allowed.
Please protect ports used by ChromeDriver and related test frameworks to prevent access by malicious code.
Jan 31, 2020 2:33:30 AM org.openqa.selenium.remote.ProtocolHandshake createSession
INFO: Detected dialect: W3C
</system-err>
  </testcase>
  <testcase classname="com.crm.qa.testcases.HomePageTest" name="verifyCorrectUsernameTest" time="1.641"/>
  <testcase classname="com.crm.qa.testcases.LoginPageTest" name="validateBrandSloganTest" time="0.358"/>
  <testcase classname="com.crm.qa.testcases.ContactsPageTest" name="selectMultipleContactsByNameTest" time="15.507">
    <failure message="no such element: Unable to locate element: {&quot;method&quot;:&quot;xpath&quot;,&quot;selector&quot;:&quot;//td[text()=&apos;Tom Holland&apos;]//preceding-sibling::td//input[@name=&apos;id&apos;]&quot;}
  (Session info: chrome=79.0.3945.130)
For documentation on this error, please visit: http://seleniumhq.org/exceptions/no_such_element.html
Build info: version: &apos;3.14.0&apos;, revision: &apos;aacccce0&apos;, time: &apos;2018-08-02T20:19:58.91Z&apos;
System info: host: &apos;AKSHAYKALLURWAR&apos;, ip: &apos;192.168.1.67&apos;, os.name: &apos;Windows 8.1&apos;, os.arch: &apos;amd64&apos;, os.version: &apos;6.3&apos;, java.version: &apos;1.8.0_171&apos;
Driver info: org.openqa.selenium.chrome.ChromeDriver
Capabilities {acceptInsecureCerts: false, browserName: chrome, browserVersion: 79.0.3945.130, chrome: {chromedriverVersion: 79.0.3945.36 (3582db32b3389..., userDataDir: C:\Users\HP\AppData\Local\T...}, goog:chromeOptions: {debuggerAddress: localhost:52473}, javascriptEnabled: true, networkConnectionEnabled: false, pageLoadStrategy: normal, platform: WINDOWS, platformName: WINDOWS, proxy: Proxy(), setWindowRect: true, strictFileInteractability: false, timeouts: {implicit: 0, pageLoad: 300000, script: 30000}, unhandledPromptBehavior: dismiss and notify}
Session ID: 6671747e5c23e0552b5dcd32a7fec1f8
*** Element info: {Using=xpath, value=//td[text()=&apos;Tom Holland&apos;]//preceding-sibling::td//input[@name=&apos;id&apos;]}" type="org.openqa.selenium.NoSuchElementException">org.openqa.selenium.NoSuchElementException: no such element: Unable to locate element: {&quot;method&quot;:&quot;xpath&quot;,&quot;selector&quot;:&quot;//td[text()=&apos;Tom Holland&apos;]//preceding-sibling::td//input[@name=&apos;id&apos;]&quot;}
  (Session info: chrome=79.0.3945.130)
For documentation on this error, please visit: http://seleniumhq.org/exceptions/no_such_element.html
Build info: version: &apos;3.14.0&apos;, revision: &apos;aacccce0&apos;, time: &apos;2018-08-02T20:19:58.91Z&apos;
System info: host: &apos;AKSHAYKALLURWAR&apos;, ip: &apos;192.168.1.67&apos;, os.name: &apos;Windows 8.1&apos;, os.arch: &apos;amd64&apos;, os.version: &apos;6.3&apos;, java.version: &apos;1.8.0_171&apos;
Driver info: org.openqa.selenium.chrome.ChromeDriver
Capabilities {acceptInsecureCerts: false, browserName: chrome, browserVersion: 79.0.3945.130, chrome: {chromedriverVersion: 79.0.3945.36 (3582db32b3389..., userDataDir: C:\Users\HP\AppData\Local\T...}, goog:chromeOptions: {debuggerAddress: localhost:52473}, javascriptEnabled: true, networkConnectionEnabled: false, pageLoadStrategy: normal, platform: WINDOWS, platformName: WINDOWS, proxy: Proxy(), setWindowRect: true, strictFileInteractability: false, timeouts: {implicit: 0, pageLoad: 300000, script: 30000}, unhandledPromptBehavior: dismiss and notify}
Session ID: 6671747e5c23e0552b5dcd32a7fec1f8
*** Element info: {Using=xpath, value=//td[text()=&apos;Tom Holland&apos;]//preceding-sibling::td//input[@name=&apos;id&apos;]}
	at sun.reflect.NativeConstructorAccessorImpl.newInstance0(Native Method)
	at sun.reflect.NativeConstructorAccessorImpl.newInstance(NativeConstructorAccessorImpl.java:62)
	at sun.reflect.DelegatingConstructorAccessorImpl.newInstance(DelegatingConstructorAccessorImpl.java:45)
	at java.lang.reflect.Constructor.newInstance(Constructor.java:423)
	at org.openqa.selenium.remote.http.W3CHttpResponseCodec.createException(W3CHttpResponseCodec.java:187)
	at org.openqa.selenium.remote.http.W3CHttpResponseCodec.decode(W3CHttpResponseCodec.java:122)
	at org.openqa.selenium.remote.http.W3CHttpResponseCodec.decode(W3CHttpResponseCodec.java:49)
	at org.openqa.selenium.remote.HttpCommandExecutor.execute(HttpCommandExecutor.java:158)
	at org.openqa.selenium.remote.service.DriverCommandExecutor.execute(DriverCommandExecutor.java:83)
	at org.openqa.selenium.remote.RemoteWebDriver.execute(RemoteWebDriver.java:548)
	at org.openqa.selenium.remote.RemoteWebDriver.findElement(RemoteWebDriver.java:322)
	at org.openqa.selenium.remote.RemoteWebDriver.findElementByXPath(RemoteWebDriver.java:424)
	at org.openqa.selenium.By$ByXPath.findElement(By.java:353)
	at org.openqa.selenium.remote.RemoteWebDriver.findElement(RemoteWebDriver.java:314)
	at sun.reflect.GeneratedMethodAccessor5.invoke(Unknown Source)
	at sun.reflect.DelegatingMethodAccessorImpl.invoke(DelegatingMethodAccessorImpl.java:43)
	at java.lang.reflect.Method.invoke(Method.java:498)
	at org.openqa.selenium.support.events.EventFiringWebDriver.lambda$new$1(EventFiringWebDriver.java:105)
	at com.sun.proxy.$Proxy6.findElement(Unknown Source)
	at org.openqa.selenium.support.events.EventFiringWebDriver.findElement(EventFiringWebDriver.java:194)
	at com.crm.qa.pages.ContactsPage.selectContactsByName(ContactsPage.java:67)
	at com.crm.qa.testcases.ContactsPageTest.selectMultipleContactsByNameTest(ContactsPageTest.java:63)
</failure>
    <system-out>Before navigating to: &apos;https://freecrm.co.in&apos;
Navigated to:&apos;https://freecrm.co.in&apos;
Trying to find Element By : By.xpath: //span[contains(text(),&apos;Log In&apos;)]
Found Element By : By.xpath: //span[contains(text(),&apos;Log In&apos;)]
Trying to click on: [[ChromeDriver: chrome on WINDOWS (6671747e5c23e0552b5dcd32a7fec1f8)] -&gt; xpath: //span[contains(text(),&apos;Log In&apos;)]]
Clicked on: [[ChromeDriver: chrome on WINDOWS (6671747e5c23e0552b5dcd32a7fec1f8)] -&gt; xpath: //span[contains(text(),&apos;Log In&apos;)]]
Trying to find Element By : By.name: email
Found Element By : By.name: email
Trying to find Element By : By.name: password
Found Element By : By.name: password
Trying to find Element By : By.xpath: //div[contains(text(),&apos;Login&apos;)]
Found Element By : By.xpath: //div[contains(text(),&apos;Login&apos;)]
Trying to click on: [[ChromeDriver: chrome on WINDOWS (6671747e5c23e0552b5dcd32a7fec1f8)] -&gt; xpath: //div[contains(text(),&apos;Login&apos;)]]
Clicked on: [[ChromeDriver: chrome on WINDOWS (6671747e5c23e0552b5dcd32a7fec1f8)] -&gt; xpath: //div[contains(text(),&apos;Login&apos;)]]
Trying to find Element By : By.xpath: //span[contains(text(),&apos;Contacts&apos;)]
Found Element By : By.xpath: //span[contains(text(),&apos;Contacts&apos;)]
Trying to click on: [[ChromeDriver: chrome on WINDOWS (6671747e5c23e0552b5dcd32a7fec1f8)] -&gt; xpath: //span[contains(text(),&apos;Contacts&apos;)]]
Clicked on: [[ChromeDriver: chrome on WINDOWS (6671747e5c23e0552b5dcd32a7fec1f8)] -&gt; xpath: //span[contains(text(),&apos;Contacts&apos;)]]
Trying to find Element By : By.xpath: //td[text()=&apos;Tom Holland&apos;]//preceding-sibling::td//input[@name=&apos;id&apos;]
Exception occured: org.openqa.selenium.NoSuchElementException: no such element: Unable to locate element: {&quot;method&quot;:&quot;xpath&quot;,&quot;selector&quot;:&quot;//td[text()=&apos;Tom Holland&apos;]//preceding-sibling::td//input[@name=&apos;id&apos;]&quot;}
  (Session info: chrome=79.0.3945.130)
For documentation on this error, please visit: http://seleniumhq.org/exceptions/no_such_element.html
Build info: version: &apos;3.14.0&apos;, revision: &apos;aacccce0&apos;, time: &apos;2018-08-02T20:19:58.91Z&apos;
System info: host: &apos;AKSHAYKALLURWAR&apos;, ip: &apos;192.168.1.67&apos;, os.name: &apos;Windows 8.1&apos;, os.arch: &apos;amd64&apos;, os.version: &apos;6.3&apos;, java.version: &apos;1.8.0_171&apos;
Driver info: org.openqa.selenium.chrome.ChromeDriver
Capabilities {acceptInsecureCerts: false, browserName: chrome, browserVersion: 79.0.3945.130, chrome: {chromedriverVersion: 79.0.3945.36 (3582db32b3389..., userDataDir: C:\Users\HP\AppData\Local\T...}, goog:chromeOptions: {debuggerAddress: localhost:52473}, javascriptEnabled: true, networkConnectionEnabled: false, pageLoadStrategy: normal, platform: WINDOWS, platformName: WINDOWS, proxy: Proxy(), setWindowRect: true, strictFileInteractability: false, timeouts: {implicit: 0, pageLoad: 300000, script: 30000}, unhandledPromptBehavior: dismiss and notify}
Session ID: 6671747e5c23e0552b5dcd32a7fec1f8
*** Element info: {Using=xpath, value=//td[text()=&apos;Tom Holland&apos;]//preceding-sibling::td//input[@name=&apos;id&apos;]}
</system-out>
    <system-err>Starting ChromeDriver 79.0.3945.36 (3582db32b33893869b8c1339e8f4d9ed1816f143-refs/branch-heads/3945@{#614}) on port 41381
Only local connections are allowed.
Please protect ports used by ChromeDriver and related test frameworks to prevent access by malicious code.
Jan 31, 2020 2:34:27 AM org.openqa.selenium.remote.ProtocolHandshake createSession
INFO: Detected dialect: W3C
</system-err>
  </testcase>
  <testcase classname="com.crm.qa.testcases.HomePageTest" name="verifyContactsLinkTest" time="2.905"/>
  <testcase classname="com.crm.qa.testcases.LoginPageTest" name="loginTest" time="7.032"/>
  <testcase classname="com.crm.qa.testcases.ContactsPageTest" name="validateCreateNewContactTest" time="8.701"/>
  <testcase classname="com.crm.qa.testcases.ContactsPageTest" name="validateCreateNewContactTest" time="9.344"/>
  <testcase classname="com.crm.qa.testcases.ContactsPageTest" name="validateCreateNewContactTest" time="8.751"/>
  <testcase classname="com.crm.qa.testcases.ContactsPageTest" name="validateCreateNewContactTest" time="8.521"/>
  <testcase classname="com.crm.qa.testcases.HomePageTest" name="clickOnDealsLinkTest" time="2.283"/>
  <testcase classname="com.crm.qa.testcases.HomePageTest" name="clickOnTasksLinkTest" time="1.965"/>
</testsuite>